# JRE version: OpenJDK Runtime Environment (17.0.14+7) (build 17.0.14+7-Ubuntu-120.04)
# Java VM: OpenJDK 64-Bit Server VM (17.0.14+7-Ubuntu-120.04, mixed mode, sharing, tiered, compressed class ptrs, g1 gc, linux-amd64)
GC Precious Log:
 CPUs: 2 total, 2 available
 Memory: 7938M
 Large Page Support: Disabled
 NUMA Support: Disabled
 Compressed Oops: Disabled
 Heap Region Size: 32M
 Heap Min Capacity: 2G
 Heap Initial Capacity: 2G
 Heap Max Capacity: 67G
 Pre-touch: Disabled
 Parallel Workers: 2
 Concurrent Workers: 1
 Concurrent Refinement Workers: 2
 Periodic GC: Disabled
Heap:
 garbage-first heap   total 10420224K, used 795193K [0x00007a0984000000, 0x00007a1a44000000)
  region size 32768K, 1 young (32768K), 1 survivors (32768K)
 Metaspace       used 169898K, committed 171648K, reserved 1245184K
  class space    used 33511K, committed 34304K, reserved 1048576K
GC Heap History (20 events):
Event: 38.111 GC heap after
{Heap after GC invocations=29 (full 0):
 garbage-first heap   total 2097152K, used 503603K [0x00007a0984000000, 0x00007a1a44000000)
  region size 32768K, 5 young (163840K), 5 survivors (163840K)
 Metaspace       used 137065K, committed 138752K, reserved 1179648K
  class space    used 26963K, committed 27776K, reserved 1048576K
}
Event: 38.283 GC heap before
{Heap before GC invocations=29 (full 0):
 garbage-first heap   total 2097152K, used 667443K [0x00007a0984000000, 0x00007a1a44000000)
  region size 32768K, 10 young (327680K), 5 survivors (163840K)
 Metaspace       used 137196K, committed 138880K, reserved 1179648K
  class space    used 26987K, committed 27776K, reserved 1048576K
}
Event: 38.407 GC heap after
{Heap after GC invocations=30 (full 0):
 garbage-first heap   total 4882432K, used 534252K [0x00007a0984000000, 0x00007a1a44000000)
  region size 32768K, 1 young (32768K), 1 survivors (32768K)
 Metaspace       used 137196K, committed 138880K, reserved 1179648K
  class space    used 26987K, committed 27776K, reserved 1048576K
}
Event: 38.973 GC heap before
{Heap before GC invocations=30 (full 0):
 garbage-first heap   total 4882432K, used 960236K [0x00007a0984000000, 0x00007a1a44000000)
  region size 32768K, 14 young (458752K), 1 survivors (32768K)
 Metaspace       used 138294K, committed 140032K, reserved 1179648K
  class space    used 27200K, committed 28032K, reserved 1048576K
}
Event: 39.053 GC heap after
{Heap after GC invocations=31 (full 0):
 garbage-first heap   total 4882432K, used 572356K [0x00007a0984000000, 0x00007a1a44000000)
  region size 32768K, 2 young (65536K), 2 survivors (65536K)
 Metaspace       used 138294K, committed 140032K, reserved 1179648K
  class space    used 27200K, committed 28032K, reserved 1048576K
}
Event: 40.731 GC heap before
{Heap before GC invocations=31 (full 0):
 garbage-first heap   total 4882432K, used 965572K [0x00007a0984000000, 0x00007a1a44000000)
  region size 32768K, 14 young (458752K), 2 survivors (65536K)
 Metaspace       used 152821K, committed 154560K, reserved 1179648K
  class space    used 30469K, committed 31296K, reserved 1048576K
}
Event: 40.786 GC heap after
{Heap after GC invocations=32 (full 0):
 garbage-first heap   total 4882432K, used 586888K [0x00007a0984000000, 0x00007a1a44000000)
  region size 32768K, 1 young (32768K), 1 survivors (32768K)
 Metaspace       used 152821K, committed 154560K, reserved 1179648K
  class space    used 30469K, committed 31296K, reserved 1048576K
}
Event: 46.237 GC heap before
{Heap before GC invocations=32 (full 0):
 garbage-first heap   total 4882432K, used 1307784K [0x00007a0984000000, 0x00007a1a44000000)
  region size 32768K, 23 young (753664K), 1 survivors (32768K)
 Metaspace       used 168523K, committed 170304K, reserved 1245184K
  class space    used 33317K, committed 34112K, reserved 1048576K
}
Event: 46.305 GC heap after
{Heap after GC invocations=33 (full 0):
 garbage-first heap   total 4882432K, used 639543K [0x00007a0984000000, 0x00007a1a44000000)
  region size 32768K, 3 young (98304K), 3 survivors (98304K)
 Metaspace       used 168523K, committed 170304K, reserved 1245184K
  class space    used 33317K, committed 34112K, reserved 1048576K
}
Event: 46.745 GC heap before
{Heap before GC invocations=33 (full 0):
 garbage-first heap   total 4882432K, used 770615K [0x00007a0984000000, 0x00007a1a44000000)
  region size 32768K, 7 young (229376K), 3 survivors (98304K)
 Metaspace       used 168536K, committed 170304K, reserved 1245184K
  class space    used 33318K, committed 34112K, reserved 1048576K
}
Event: 46.815 GC heap after
{Heap after GC invocations=34 (full 0):
 garbage-first heap   total 10420224K, used 649421K [0x00007a0984000000, 0x00007a1a44000000)
  region size 32768K, 1 young (32768K), 1 survivors (32768K)
 Metaspace       used 168536K, committed 170304K, reserved 1245184K
  class space    used 33318K, committed 34112K, reserved 1048576K
}
Event: 49.460 GC heap before
{Heap before GC invocations=34 (full 0):
 garbage-first heap   total 10420224K, used 2025677K [0x00007a0984000000, 0x00007a1a44000000)
  region size 32768K, 43 young (1409024K), 1 survivors (32768K)
 Metaspace       used 168655K, committed 170432K, reserved 1245184K
  class space    used 33331K, committed 34176K, reserved 1048576K
}
Event: 49.497 GC heap after
{Heap after GC invocations=35 (full 0):
 garbage-first heap   total 10420224K, used 660648K [0x00007a0984000000, 0x00007a1a44000000)
  region size 32768K, 1 young (32768K), 1 survivors (32768K)
 Metaspace       used 168655K, committed 170432K, reserved 1245184K
  class space    used 33331K, committed 34176K, reserved 1048576K
}
Event: 51.168 GC heap before
{Heap before GC invocations=35 (full 0):
 garbage-first heap   total 10420224K, used 1709224K [0x00007a0984000000, 0x00007a1a44000000)
  region size 32768K, 33 young (1081344K), 1 survivors (32768K)
 Metaspace       used 168729K, committed 170496K, reserved 1245184K
  class space    used 33337K, committed 34176K, reserved 1048576K
}
Event: 51.239 GC heap after
{Heap after GC invocations=36 (full 0):
 garbage-first heap   total 10420224K, used 680829K [0x00007a0984000000, 0x00007a1a44000000)
  region size 32768K, 2 young (65536K), 2 survivors (65536K)
 Metaspace       used 168729K, committed 170496K, reserved 1245184K
  class space    used 33337K, committed 34176K, reserved 1048576K
}
Event: 51.816 GC heap before
{Heap before GC invocations=36 (full 0):
 garbage-first heap   total 10420224K, used 1106813K [0x00007a0984000000, 0x00007a1a44000000)
  region size 32768K, 15 young (491520K), 2 survivors (65536K)
 Metaspace       used 168732K, committed 170496K, reserved 1245184K
  class space    used 33338K, committed 34176K, reserved 1048576K
}
Event: 51.904 GC heap after
{Heap after GC invocations=37 (full 0):
 garbage-first heap   total 10420224K, used 700319K [0x00007a0984000000, 0x00007a1a44000000)
  region size 32768K, 2 young (65536K), 2 survivors (65536K)
 Metaspace       used 168732K, committed 170496K, reserved 1245184K
  class space    used 33338K, committed 34176K, reserved 1048576K
}
Event: 54.471 GC heap before
{Heap before GC invocations=37 (full 0):
 garbage-first heap   total 10420224K, used 1585055K [0x00007a0984000000, 0x00007a1a44000000)
  region size 32768K, 29 young (950272K), 2 survivors (65536K)
 Metaspace       used 169894K, committed 171648K, reserved 1245184K
  class space    used 33511K, committed 34304K, reserved 1048576K
}
Event: 54.586 GC heap after
{Heap after GC invocations=38 (full 0):
 garbage-first heap   total 10420224K, used 781544K [0x00007a0984000000, 0x00007a1a44000000)
  region size 32768K, 4 young (131072K), 4 survivors (131072K)
 Metaspace       used 169894K, committed 171648K, reserved 1245184K
  class space    used 33511K, committed 34304K, reserved 1048576K
}
Event: 55.240 GC heap before
{Heap before GC invocations=38 (full 0):
 garbage-first heap   total 10420224K, used 1141992K [0x00007a0984000000, 0x00007a1a44000000)
  region size 32768K, 15 young (491520K), 4 survivors (131072K)
 Metaspace       used 169898K, committed 171648K, reserved 1245184K
  class space    used 33511K, committed 34304K, reserved 1048576K
}

